<?xml version="1.0" encoding="UTF-8"?>
<!-- Generated by org.testng.reporters.JUnitReportReporter -->
<testsuite skipped="0" hostname="PreethiSriram" name="com.Acme.Testcases.Testcases" tests="1" failures="0" timestamp="2019-10-12T15:50:00 IST" time="26.737" errors="0">
  <testcase name="acme" time="26.737" classname="com.Acme.Testcases.Testcases"/>
</testsuite> <!-- com.Acme.Testcases.Testcases -->
